c:\users\lostm\desktop\direx\project1\project1\x64\debug\vc142.pdb
c:\users\lostm\desktop\direx\project1\project1\x64\debug\vc142.idb
c:\users\lostm\desktop\direx\project1\project1\x64\debug\gametime.obj
c:\users\lostm\desktop\direx\project1\project1\x64\debug\toolfunc.obj
c:\users\lostm\desktop\direx\project1\project1\x64\debug\d3d12app.obj
c:\users\lostm\desktop\direx\project1\x64\debug\project1.exe
c:\users\lostm\desktop\direx\project1\x64\debug\project1.ilk
c:\users\lostm\desktop\direx\project1\x64\debug\project1.pdb
c:\users\lostm\desktop\direx\project2\project1\x64\debug\d3d12app.obj
c:\users\lostm\desktop\direx\project2\project1\x64\debug\gametime.obj
c:\users\lostm\desktop\direx\project2\project1\x64\debug\test.obj
c:\users\lostm\desktop\direx\project2\project1\x64\debug\toolfunc.obj
c:\users\lostm\desktop\direx\project2\project1\x64\debug\test.obj.enc
c:\users\lostm\desktop\direx\project2\project1\x64\debug\vc142.idb
c:\users\lostm\desktop\direx\project2\project1\x64\debug\vc142.pdb
c:\users\lostm\desktop\direx\project2\x64\debug\project1.pdb
c:\users\lostm\desktop\direx\project2\x64\debug\project1.exe
c:\users\lostm\desktop\direx\project2\x64\debug\project1.ilk
c:\users\lostm\desktop\direx\project2\project1\x64\debug\project1.tlog\cl.command.1.tlog
c:\users\lostm\desktop\direx\project2\project1\x64\debug\project1.tlog\cl.read.1.tlog
c:\users\lostm\desktop\direx\project2\project1\x64\debug\project1.tlog\cl.write.1.tlog
c:\users\lostm\desktop\direx\project2\project1\x64\debug\project1.tlog\link.command.1.tlog
c:\users\lostm\desktop\direx\project2\project1\x64\debug\project1.tlog\link.read.1.tlog
c:\users\lostm\desktop\direx\project2\project1\x64\debug\project1.tlog\link.write.1.tlog
